[0m21:40:39.881089 [debug] [MainThread]: Sending event: {'category': 'dbt', 'action': 'invocation', 'label': 'start', 'context': [<snowplow_tracker.self_describing_json.SelfDescribingJson object at 0x7f6bbae63210>, <snowplow_tracker.self_describing_json.SelfDescribingJson object at 0x7f6bbc576210>, <snowplow_tracker.self_describing_json.SelfDescribingJson object at 0x7f6bbae63350>]}


============================== 21:40:39.882853 | 9c161582-a813-404f-9f60-a30594d5e50b ==============================
[0m21:40:39.882853 [info ] [MainThread]: Running with dbt=1.7.2
[0m21:40:39.883212 [debug] [MainThread]: running dbt with arguments {'printer_width': '80', 'indirect_selection': 'eager', 'write_json': 'True', 'log_cache_events': 'False', 'partial_parse': 'True', 'cache_selected_only': 'False', 'profiles_dir': '/home/mirko/.dbt', 'debug': 'False', 'warn_error': 'None', 'log_path': 'logs', 'version_check': 'True', 'fail_fast': 'False', 'use_colors': 'True', 'use_experimental_parser': 'False', 'no_print': 'None', 'quiet': 'False', 'log_format': 'default', 'invocation_command': 'dbt init', 'static_parser': 'True', 'introspect': 'True', 'target_path': 'None', 'warn_error_options': 'WarnErrorOptions(include=[], exclude=[])', 'send_anonymous_usage_stats': 'True'}
[0m21:40:39.883521 [warn ] [MainThread]: [ConfigFolderDirectory]: Unable to parse dict {'dir': PosixPath('/home/mirko/.dbt')}
[0m21:40:39.883757 [info ] [MainThread]: Creating dbt configuration folder at 
[0m21:41:37.988480 [debug] [MainThread]: Starter project path: /home/mirko/miniforge3/envs/dagster-dbt-poc/lib/python3.11/site-packages/dbt/include/starter_project
[0m21:41:37.993490 [info ] [MainThread]: 
Your new dbt project "dbt_project" was created!

For more information on how to configure the profiles.yml file,
please consult the dbt documentation here:

  https://docs.getdbt.com/docs/configure-your-profile

One more thing:

Need help? Don't hesitate to reach out to us via GitHub issues or on Slack:

  https://community.getdbt.com/

Happy modeling!

[0m21:41:37.994277 [info ] [MainThread]: Setting up your profile.
[0m21:41:52.922997 [info ] [MainThread]: Profile dbt_project written to /home/mirko/.dbt/profiles.yml using target's sample configuration. Once updated, you'll be able to start developing with dbt.
[0m21:41:52.923653 [debug] [MainThread]: Resource report: {"command_name": "init", "command_success": true, "command_wall_clock_time": 73.043755, "process_user_time": 1.006721, "process_kernel_time": 0.047939, "process_mem_max_rss": "124656", "process_out_blocks": "312", "process_in_blocks": "0"}
[0m21:41:52.924100 [debug] [MainThread]: Command `dbt init` succeeded at 21:41:52.923991 after 73.04 seconds
[0m21:41:52.924392 [debug] [MainThread]: Sending event: {'category': 'dbt', 'action': 'invocation', 'label': 'end', 'context': [<snowplow_tracker.self_describing_json.SelfDescribingJson object at 0x7f6bbae53fd0>, <snowplow_tracker.self_describing_json.SelfDescribingJson object at 0x7f6bbf776490>, <snowplow_tracker.self_describing_json.SelfDescribingJson object at 0x7f6bbf7763d0>]}
[0m21:41:52.924753 [debug] [MainThread]: Flushing usage events
[0m21:50:14.532341 [debug] [MainThread]: Sending event: {'category': 'dbt', 'action': 'invocation', 'label': 'start', 'context': [<snowplow_tracker.self_describing_json.SelfDescribingJson object at 0x7f486edf30d0>, <snowplow_tracker.self_describing_json.SelfDescribingJson object at 0x7f486edf3350>, <snowplow_tracker.self_describing_json.SelfDescribingJson object at 0x7f486edf31d0>]}


============================== 21:50:14.534059 | 2cc6789a-5b19-4a8c-9ae7-d03364d42b2d ==============================
[0m21:50:14.534059 [info ] [MainThread]: Running with dbt=1.7.2
[0m21:50:14.534435 [debug] [MainThread]: running dbt with arguments {'printer_width': '80', 'indirect_selection': 'eager', 'log_cache_events': 'False', 'write_json': 'True', 'partial_parse': 'True', 'cache_selected_only': 'False', 'profiles_dir': '/config', 'version_check': 'True', 'fail_fast': 'False', 'log_path': 'logs', 'debug': 'False', 'warn_error': 'None', 'use_colors': 'True', 'use_experimental_parser': 'False', 'no_print': 'None', 'quiet': 'False', 'log_format': 'default', 'invocation_command': 'dbt debug', 'introspect': 'True', 'warn_error_options': 'WarnErrorOptions(include=[], exclude=[])', 'target_path': 'None', 'static_parser': 'True', 'send_anonymous_usage_stats': 'True'}
[0m21:50:14.534792 [info ] [MainThread]: dbt version: 1.7.2
[0m21:50:14.535023 [info ] [MainThread]: python version: 3.11.6
[0m21:50:14.535238 [info ] [MainThread]: python path: /home/mirko/miniforge3/envs/dagster-dbt-poc/bin/python
[0m21:50:14.535452 [info ] [MainThread]: os info: Linux-5.15.0-89-generic-x86_64-with-glibc2.35
[0m21:50:14.535664 [info ] [MainThread]: Using profiles dir at /config
[0m21:50:14.535868 [info ] [MainThread]: Using profiles.yml file at /config/profiles.yml
[0m21:50:14.536066 [info ] [MainThread]: Using dbt_project.yml file at /home/mirko/git-projects/dagster-dbt-poc/dbt_project.yml
[0m21:50:14.536277 [info ] [MainThread]: Configuration:
[0m21:50:14.536480 [info ] [MainThread]:   profiles.yml file [[31mERROR not found[0m]
[0m21:50:14.536672 [info ] [MainThread]:   dbt_project.yml file [[31mERROR not found[0m]
[0m21:50:14.536854 [info ] [MainThread]: Required dependencies:
[0m21:50:14.537046 [debug] [MainThread]: Executing "git --help"
[0m21:50:14.538142 [debug] [MainThread]: STDOUT: "b"usage: git [--version] [--help] [-C <path>] [-c <name>=<value>]\n           [--exec-path[=<path>]] [--html-path] [--man-path] [--info-path]\n           [-p | --paginate | -P | --no-pager] [--no-replace-objects] [--bare]\n           [--git-dir=<path>] [--work-tree=<path>] [--namespace=<name>]\n           [--super-prefix=<path>] [--config-env=<name>=<envvar>]\n           <command> [<args>]\n\nThese are common Git commands used in various situations:\n\nstart a working area (see also: git help tutorial)\n   clone     Clone a repository into a new directory\n   init      Create an empty Git repository or reinitialize an existing one\n\nwork on the current change (see also: git help everyday)\n   add       Add file contents to the index\n   mv        Move or rename a file, a directory, or a symlink\n   restore   Restore working tree files\n   rm        Remove files from the working tree and from the index\n\nexamine the history and state (see also: git help revisions)\n   bisect    Use binary search to find the commit that introduced a bug\n   diff      Show changes between commits, commit and working tree, etc\n   grep      Print lines matching a pattern\n   log       Show commit logs\n   show      Show various types of objects\n   status    Show the working tree status\n\ngrow, mark and tweak your common history\n   branch    List, create, or delete branches\n   commit    Record changes to the repository\n   merge     Join two or more development histories together\n   rebase    Reapply commits on top of another base tip\n   reset     Reset current HEAD to the specified state\n   switch    Switch branches\n   tag       Create, list, delete or verify a tag object signed with GPG\n\ncollaborate (see also: git help workflows)\n   fetch     Download objects and refs from another repository\n   pull      Fetch from and integrate with another repository or a local branch\n   push      Update remote refs along with associated objects\n\n'git help -a' and 'git help -g' list available subcommands and some\nconcept guides. See 'git help <command>' or 'git help <concept>'\nto read about a specific subcommand or concept.\nSee 'git help git' for an overview of the system.\n""
[0m21:50:14.538425 [debug] [MainThread]: STDERR: "b''"
[0m21:50:14.538623 [info ] [MainThread]:  - git [[32mOK found[0m]

[0m21:50:14.538829 [info ] [MainThread]: Connection test skipped since no profile was found
[0m21:50:14.539044 [info ] [MainThread]: [31m2 checks failed:[0m
[0m21:50:14.539238 [info ] [MainThread]: dbt looked for a profiles.yml file in /config/profiles.yml, but did
not find one. For more information on configuring your profile, consult the
documentation:

https://docs.getdbt.com/docs/configure-your-profile


[0m21:50:14.539434 [info ] [MainThread]: Project loading failed for the following reason:
 project path </home/mirko/git-projects/dagster-dbt-poc/dbt_project.yml> not found

[0m21:50:14.539878 [debug] [MainThread]: Resource report: {"command_name": "debug", "command_wall_clock_time": 0.008678897, "process_user_time": 1.007348, "process_kernel_time": 0.019987, "process_mem_max_rss": "100992", "process_out_blocks": "32", "command_success": false, "process_in_blocks": "0"}
[0m21:50:14.540196 [debug] [MainThread]: Command `dbt debug` failed at 21:50:14.540101 after 0.01 seconds
[0m21:50:14.540448 [debug] [MainThread]: Sending event: {'category': 'dbt', 'action': 'invocation', 'label': 'end', 'context': [<snowplow_tracker.self_describing_json.SelfDescribingJson object at 0x7f4870010190>, <snowplow_tracker.self_describing_json.SelfDescribingJson object at 0x7f487039c7d0>, <snowplow_tracker.self_describing_json.SelfDescribingJson object at 0x7f4873715190>]}
[0m21:50:14.540692 [debug] [MainThread]: Flushing usage events
